<?xml version="1.0" encoding="UTF-8"?>
<!-- Generated by org.testng.reporters.JUnitReportReporter -->
<testsuite skipped="0" hostname="ddc5-dx-608P3KJ" name="handson.handson.Selenium2" tests="3" failures="0" timestamp="06 Aug 2019 10:46:26 GMT" time="138.158" errors="0">
  <testcase name="startReport" time="0.441" classname="handson.handson.Selenium2"/>
  <testcase name="f" time="69.431" classname="handson.handson.Selenium2"/>
  <testcase name="login" time="68.286" classname="handson.handson.Selenium2"/>
</testsuite> <!-- handson.handson.Selenium2 -->
